<?xml version="1.0" encoding="UTF-8"?>
<!-- Generated by org.testng.reporters.JUnitXMLReporter -->
<testsuite ignored="4" hostname="LAPTOP-TKD45B3R" failures="1" tests="1" name="firefox" time="49.898" errors="0" timestamp="2023-02-20T22:07:26 EST">
  <testcase classname="tdd.Nissan.InternetQuote.Test.InternetQuoteTest" name="internetquote1" time="13.55">
    <failure type="java.lang.AssertionError" message="expected [REQUEST A QUOTE] but found [SELECT A VEHICLE TO QUOTE]">
      <![CDATA[java.lang.AssertionError: expected [REQUEST A QUOTE] but found [SELECT A VEHICLE TO QUOTE]
at tdd.Nissan.Commom.CommonActions.validate(CommonActions.java:37)
at tdd.Nissan.Objects.GetAQuotePage.validatetitleintenet(GetAQuotePage.java:69)
at tdd.Nissan.InternetQuote.Test.InternetQuoteTest.internetquote1(InternetQuoteTest.java:17)
at java.base/java.util.ArrayList.forEach(ArrayList.java:1511)
... Removed 33 stack frames]]>
    </failure>
  </testcase> <!-- internetquote1 -->
  <testcase classname="tdd.Nissan.InternetQuote.Test.InternetQuoteTest" name="test3" time="0.0">
    <ignored/>
  </testcase> <!-- test3 -->
  <testcase classname="tdd.Nissan.InternetQuote.Test.InternetQuoteTest" name="test2" time="0.0">
    <ignored/>
  </testcase> <!-- test2 -->
  <testcase classname="tdd.Nissan.InternetQuote.Test.InternetQuoteTest" name="testRetry" time="0.0">
    <ignored/>
  </testcase> <!-- testRetry -->
  <testcase classname="tdd.Nissan.InternetQuote.Test.InternetQuoteTest" name="test1" time="0.0">
    <ignored/>
  </testcase> <!-- test1 -->
</testsuite> <!-- firefox -->
